22:37:51,150 <org.jboss.resteasy.resteasy_jaxrs.i18n> ERROR [http-nio-6051-exec-1]: RESTEASY002010: Failed to execute
javax.ws.rs.NotSupportedException: RESTEASY003065: Cannot consume content type
	at org.jboss.resteasy.core.registry.SegmentNode.match(SegmentNode.java:382) ~[resteasy-jaxrs-3.0.14.Final.jar:3.0.14.Final]
	at org.jboss.resteasy.core.registry.SegmentNode.match(SegmentNode.java:116) ~[resteasy-jaxrs-3.0.14.Final.jar:3.0.14.Final]
	at org.jboss.resteasy.core.registry.RootNode.match(RootNode.java:43) ~[resteasy-jaxrs-3.0.14.Final.jar:3.0.14.Final]
	at org.jboss.resteasy.core.registry.RootClassNode.match(RootClassNode.java:48) ~[resteasy-jaxrs-3.0.14.Final.jar:3.0.14.Final]
	at org.jboss.resteasy.core.ResourceMethodRegistry.getResourceInvoker(ResourceMethodRegistry.java:445) ~[resteasy-jaxrs-3.0.14.Final.jar:3.0.14.Final]
	at org.jboss.resteasy.core.SynchronousDispatcher.getInvoker(SynchronousDispatcher.java:257) [resteasy-jaxrs-3.0.14.Final.jar:3.0.14.Final]
	at org.jboss.resteasy.core.SynchronousDispatcher.invoke(SynchronousDispatcher.java:194) [resteasy-jaxrs-3.0.14.Final.jar:3.0.14.Final]
	at org.jboss.resteasy.plugins.server.servlet.ServletContainerDispatcher.service(ServletContainerDispatcher.java:221) [resteasy-jaxrs-3.0.14.Final.jar:3.0.14.Final]
	at org.jboss.resteasy.plugins.server.servlet.HttpServletDispatcher.service(HttpServletDispatcher.java:56) [resteasy-jaxrs-3.0.14.Final.jar:3.0.14.Final]
	at org.jboss.resteasy.plugins.server.servlet.HttpServletDispatcher.service(HttpServletDispatcher.java:51) [resteasy-jaxrs-3.0.14.Final.jar:3.0.14.Final]
	at javax.servlet.http.HttpServlet.service(HttpServlet.java:790) [javax.servlet-api-3.1.0.jar:3.1.0]
	at com.alibaba.dubbo.rpc.protocol.rest.DubboHttpServer$RestHandler.handle(DubboHttpServer.java:86) [dubbo-2.8.4a.jar:2.8.4a]
	at com.alibaba.dubbo.remoting.http.servlet.DispatcherServlet.service(DispatcherServlet.java:64) [dubbo-2.8.4a.jar:2.8.4a]
	at javax.servlet.http.HttpServlet.service(HttpServlet.java:790) [javax.servlet-api-3.1.0.jar:3.1.0]
	at org.apache.catalina.core.ApplicationFilterChain.internalDoFilter(ApplicationFilterChain.java:291) [tomcat-embed-core-8.0.11.jar:8.0.11]
	at org.apache.catalina.core.ApplicationFilterChain.doFilter(ApplicationFilterChain.java:206) [tomcat-embed-core-8.0.11.jar:8.0.11]
	at org.apache.catalina.core.StandardWrapperValve.invoke(StandardWrapperValve.java:219) [tomcat-embed-core-8.0.11.jar:8.0.11]
	at org.apache.catalina.core.StandardContextValve.invoke(StandardContextValve.java:106) [tomcat-embed-core-8.0.11.jar:8.0.11]
	at org.apache.catalina.authenticator.AuthenticatorBase.invoke(AuthenticatorBase.java:504) [tomcat-embed-core-8.0.11.jar:8.0.11]
	at org.apache.catalina.core.StandardHostValve.invoke(StandardHostValve.java:142) [tomcat-embed-core-8.0.11.jar:8.0.11]
	at org.apache.catalina.valves.ErrorReportValve.invoke(ErrorReportValve.java:79) [tomcat-embed-core-8.0.11.jar:8.0.11]
	at org.apache.catalina.core.StandardEngineValve.invoke(StandardEngineValve.java:88) [tomcat-embed-core-8.0.11.jar:8.0.11]
	at org.apache.catalina.connector.CoyoteAdapter.service(CoyoteAdapter.java:534) [tomcat-embed-core-8.0.11.jar:8.0.11]
	at org.apache.coyote.http11.AbstractHttp11Processor.process(AbstractHttp11Processor.java:1081) [tomcat-embed-core-8.0.11.jar:8.0.11]
	at org.apache.coyote.AbstractProtocol$AbstractConnectionHandler.process(AbstractProtocol.java:658) [tomcat-embed-core-8.0.11.jar:8.0.11]
	at org.apache.coyote.http11.Http11NioProtocol$Http11ConnectionHandler.process(Http11NioProtocol.java:222) [tomcat-embed-core-8.0.11.jar:8.0.11]
	at org.apache.tomcat.util.net.NioEndpoint$SocketProcessor.doRun(NioEndpoint.java:1566) [tomcat-embed-core-8.0.11.jar:8.0.11]
	at org.apache.tomcat.util.net.NioEndpoint$SocketProcessor.run(NioEndpoint.java:1523) [tomcat-embed-core-8.0.11.jar:8.0.11]
	at java.util.concurrent.ThreadPoolExecutor.runWorker(ThreadPoolExecutor.java:1142) [?:1.8.0_51]
	at java.util.concurrent.ThreadPoolExecutor$Worker.run(ThreadPoolExecutor.java:617) [?:1.8.0_51]
	at org.apache.tomcat.util.threads.TaskThread$WrappingRunnable.run(TaskThread.java:61) [tomcat-embed-core-8.0.11.jar:8.0.11]
	at java.lang.Thread.run(Thread.java:745) [?:1.8.0_51]
22:38:47,014 <org.jboss.resteasy.resteasy_jaxrs.i18n> ERROR [http-nio-6051-exec-2]: RESTEASY002005: Failed executing POST /services/cache/setCache
org.jboss.resteasy.spi.ReaderException: org.codehaus.jackson.JsonParseException: Unexpected character ('k' (code 107)): was expecting double-quote to start field name
 at [Source: org.apache.catalina.connector.CoyoteInputStream@2612b779; line: 1, column: 3]
	at org.jboss.resteasy.core.MessageBodyParameterInjector.inject(MessageBodyParameterInjector.java:184) ~[resteasy-jaxrs-3.0.14.Final.jar:3.0.14.Final]
	at org.jboss.resteasy.core.MethodInjectorImpl.injectArguments(MethodInjectorImpl.java:91) ~[resteasy-jaxrs-3.0.14.Final.jar:3.0.14.Final]
	at org.jboss.resteasy.core.MethodInjectorImpl.invoke(MethodInjectorImpl.java:114) ~[resteasy-jaxrs-3.0.14.Final.jar:3.0.14.Final]
	at org.jboss.resteasy.core.ResourceMethodInvoker.invokeOnTarget(ResourceMethodInvoker.java:295) ~[resteasy-jaxrs-3.0.14.Final.jar:3.0.14.Final]
	at org.jboss.resteasy.core.ResourceMethodInvoker.invoke(ResourceMethodInvoker.java:249) ~[resteasy-jaxrs-3.0.14.Final.jar:3.0.14.Final]
	at org.jboss.resteasy.core.ResourceMethodInvoker.invoke(ResourceMethodInvoker.java:236) ~[resteasy-jaxrs-3.0.14.Final.jar:3.0.14.Final]
	at org.jboss.resteasy.core.SynchronousDispatcher.invoke(SynchronousDispatcher.java:395) [resteasy-jaxrs-3.0.14.Final.jar:3.0.14.Final]
	at org.jboss.resteasy.core.SynchronousDispatcher.invoke(SynchronousDispatcher.java:202) [resteasy-jaxrs-3.0.14.Final.jar:3.0.14.Final]
	at org.jboss.resteasy.plugins.server.servlet.ServletContainerDispatcher.service(ServletContainerDispatcher.java:221) [resteasy-jaxrs-3.0.14.Final.jar:3.0.14.Final]
	at org.jboss.resteasy.plugins.server.servlet.HttpServletDispatcher.service(HttpServletDispatcher.java:56) [resteasy-jaxrs-3.0.14.Final.jar:3.0.14.Final]
	at org.jboss.resteasy.plugins.server.servlet.HttpServletDispatcher.service(HttpServletDispatcher.java:51) [resteasy-jaxrs-3.0.14.Final.jar:3.0.14.Final]
	at javax.servlet.http.HttpServlet.service(HttpServlet.java:790) [javax.servlet-api-3.1.0.jar:3.1.0]
	at com.alibaba.dubbo.rpc.protocol.rest.DubboHttpServer$RestHandler.handle(DubboHttpServer.java:86) [dubbo-2.8.4a.jar:2.8.4a]
	at com.alibaba.dubbo.remoting.http.servlet.DispatcherServlet.service(DispatcherServlet.java:64) [dubbo-2.8.4a.jar:2.8.4a]
	at javax.servlet.http.HttpServlet.service(HttpServlet.java:790) [javax.servlet-api-3.1.0.jar:3.1.0]
	at org.apache.catalina.core.ApplicationFilterChain.internalDoFilter(ApplicationFilterChain.java:291) [tomcat-embed-core-8.0.11.jar:8.0.11]
	at org.apache.catalina.core.ApplicationFilterChain.doFilter(ApplicationFilterChain.java:206) [tomcat-embed-core-8.0.11.jar:8.0.11]
	at org.apache.catalina.core.StandardWrapperValve.invoke(StandardWrapperValve.java:219) [tomcat-embed-core-8.0.11.jar:8.0.11]
	at org.apache.catalina.core.StandardContextValve.invoke(StandardContextValve.java:106) [tomcat-embed-core-8.0.11.jar:8.0.11]
	at org.apache.catalina.authenticator.AuthenticatorBase.invoke(AuthenticatorBase.java:504) [tomcat-embed-core-8.0.11.jar:8.0.11]
	at org.apache.catalina.core.StandardHostValve.invoke(StandardHostValve.java:142) [tomcat-embed-core-8.0.11.jar:8.0.11]
	at org.apache.catalina.valves.ErrorReportValve.invoke(ErrorReportValve.java:79) [tomcat-embed-core-8.0.11.jar:8.0.11]
	at org.apache.catalina.core.StandardEngineValve.invoke(StandardEngineValve.java:88) [tomcat-embed-core-8.0.11.jar:8.0.11]
	at org.apache.catalina.connector.CoyoteAdapter.service(CoyoteAdapter.java:534) [tomcat-embed-core-8.0.11.jar:8.0.11]
	at org.apache.coyote.http11.AbstractHttp11Processor.process(AbstractHttp11Processor.java:1081) [tomcat-embed-core-8.0.11.jar:8.0.11]
	at org.apache.coyote.AbstractProtocol$AbstractConnectionHandler.process(AbstractProtocol.java:658) [tomcat-embed-core-8.0.11.jar:8.0.11]
	at org.apache.coyote.http11.Http11NioProtocol$Http11ConnectionHandler.process(Http11NioProtocol.java:222) [tomcat-embed-core-8.0.11.jar:8.0.11]
	at org.apache.tomcat.util.net.NioEndpoint$SocketProcessor.doRun(NioEndpoint.java:1566) [tomcat-embed-core-8.0.11.jar:8.0.11]
	at org.apache.tomcat.util.net.NioEndpoint$SocketProcessor.run(NioEndpoint.java:1523) [tomcat-embed-core-8.0.11.jar:8.0.11]
	at java.util.concurrent.ThreadPoolExecutor.runWorker(ThreadPoolExecutor.java:1142) [?:1.8.0_51]
	at java.util.concurrent.ThreadPoolExecutor$Worker.run(ThreadPoolExecutor.java:617) [?:1.8.0_51]
	at org.apache.tomcat.util.threads.TaskThread$WrappingRunnable.run(TaskThread.java:61) [tomcat-embed-core-8.0.11.jar:8.0.11]
	at java.lang.Thread.run(Thread.java:745) [?:1.8.0_51]
Caused by: org.codehaus.jackson.JsonParseException: Unexpected character ('k' (code 107)): was expecting double-quote to start field name
 at [Source: org.apache.catalina.connector.CoyoteInputStream@2612b779; line: 1, column: 3]
	at org.codehaus.jackson.JsonParser._constructError(JsonParser.java:1433) ~[jackson-core-asl-1.9.12.jar:1.9.12]
	at org.codehaus.jackson.impl.JsonParserMinimalBase._reportError(JsonParserMinimalBase.java:521) ~[jackson-core-asl-1.9.12.jar:1.9.12]
	at org.codehaus.jackson.impl.JsonParserMinimalBase._reportUnexpectedChar(JsonParserMinimalBase.java:442) ~[jackson-core-asl-1.9.12.jar:1.9.12]
	at org.codehaus.jackson.impl.Utf8StreamParser._handleUnusualFieldName(Utf8StreamParser.java:1537) ~[jackson-core-asl-1.9.12.jar:1.9.12]
	at org.codehaus.jackson.impl.Utf8StreamParser._parseFieldName(Utf8StreamParser.java:1227) ~[jackson-core-asl-1.9.12.jar:1.9.12]
	at org.codehaus.jackson.impl.Utf8StreamParser.nextToken(Utf8StreamParser.java:495) ~[jackson-core-asl-1.9.12.jar:1.9.12]
	at org.codehaus.jackson.map.deser.BeanDeserializer.deserialize(BeanDeserializer.java:579) ~[jackson-mapper-asl-1.9.12.jar:1.9.12]
	at org.codehaus.jackson.map.ObjectMapper._readValue(ObjectMapper.java:2704) ~[jackson-mapper-asl-1.9.12.jar:1.9.12]
	at org.codehaus.jackson.map.ObjectMapper.readValue(ObjectMapper.java:1315) ~[jackson-mapper-asl-1.9.12.jar:1.9.12]
	at org.codehaus.jackson.jaxrs.JacksonJsonProvider.readFrom(JacksonJsonProvider.java:419) ~[jackson-jaxrs-1.9.12.jar:1.9.12]
	at org.jboss.resteasy.core.interception.AbstractReaderInterceptorContext.readFrom(AbstractReaderInterceptorContext.java:61) ~[resteasy-jaxrs-3.0.14.Final.jar:3.0.14.Final]
	at org.jboss.resteasy.core.interception.ServerReaderInterceptorContext.readFrom(ServerReaderInterceptorContext.java:60) ~[resteasy-jaxrs-3.0.14.Final.jar:3.0.14.Final]
	at org.jboss.resteasy.core.interception.AbstractReaderInterceptorContext.proceed(AbstractReaderInterceptorContext.java:53) ~[resteasy-jaxrs-3.0.14.Final.jar:3.0.14.Final]
	at org.jboss.resteasy.plugins.interceptors.encoding.GZIPDecodingInterceptor.aroundReadFrom(GZIPDecodingInterceptor.java:59) ~[resteasy-jaxrs-3.0.14.Final.jar:3.0.14.Final]
	at org.jboss.resteasy.core.interception.AbstractReaderInterceptorContext.proceed(AbstractReaderInterceptorContext.java:55) ~[resteasy-jaxrs-3.0.14.Final.jar:3.0.14.Final]
	at org.jboss.resteasy.core.MessageBodyParameterInjector.inject(MessageBodyParameterInjector.java:151) ~[resteasy-jaxrs-3.0.14.Final.jar:3.0.14.Final]
	... 32 more
22:40:14,160 <org.jboss.resteasy.resteasy_jaxrs.i18n> ERROR [http-nio-6051-exec-5]: RESTEASY002010: Failed to execute
javax.ws.rs.NotAllowedException: RESTEASY003650: No resource method found for POST, return 405 with Allow header
	at org.jboss.resteasy.core.registry.SegmentNode.match(SegmentNode.java:377) ~[resteasy-jaxrs-3.0.14.Final.jar:3.0.14.Final]
	at org.jboss.resteasy.core.registry.SegmentNode.match(SegmentNode.java:116) ~[resteasy-jaxrs-3.0.14.Final.jar:3.0.14.Final]
	at org.jboss.resteasy.core.registry.RootNode.match(RootNode.java:43) ~[resteasy-jaxrs-3.0.14.Final.jar:3.0.14.Final]
	at org.jboss.resteasy.core.registry.RootClassNode.match(RootClassNode.java:48) ~[resteasy-jaxrs-3.0.14.Final.jar:3.0.14.Final]
	at org.jboss.resteasy.core.ResourceMethodRegistry.getResourceInvoker(ResourceMethodRegistry.java:445) ~[resteasy-jaxrs-3.0.14.Final.jar:3.0.14.Final]
	at org.jboss.resteasy.core.SynchronousDispatcher.getInvoker(SynchronousDispatcher.java:257) [resteasy-jaxrs-3.0.14.Final.jar:3.0.14.Final]
	at org.jboss.resteasy.core.SynchronousDispatcher.invoke(SynchronousDispatcher.java:194) [resteasy-jaxrs-3.0.14.Final.jar:3.0.14.Final]
	at org.jboss.resteasy.plugins.server.servlet.ServletContainerDispatcher.service(ServletContainerDispatcher.java:221) [resteasy-jaxrs-3.0.14.Final.jar:3.0.14.Final]
	at org.jboss.resteasy.plugins.server.servlet.HttpServletDispatcher.service(HttpServletDispatcher.java:56) [resteasy-jaxrs-3.0.14.Final.jar:3.0.14.Final]
	at org.jboss.resteasy.plugins.server.servlet.HttpServletDispatcher.service(HttpServletDispatcher.java:51) [resteasy-jaxrs-3.0.14.Final.jar:3.0.14.Final]
	at javax.servlet.http.HttpServlet.service(HttpServlet.java:790) [javax.servlet-api-3.1.0.jar:3.1.0]
	at com.alibaba.dubbo.rpc.protocol.rest.DubboHttpServer$RestHandler.handle(DubboHttpServer.java:86) [dubbo-2.8.4a.jar:2.8.4a]
	at com.alibaba.dubbo.remoting.http.servlet.DispatcherServlet.service(DispatcherServlet.java:64) [dubbo-2.8.4a.jar:2.8.4a]
	at javax.servlet.http.HttpServlet.service(HttpServlet.java:790) [javax.servlet-api-3.1.0.jar:3.1.0]
	at org.apache.catalina.core.ApplicationFilterChain.internalDoFilter(ApplicationFilterChain.java:291) [tomcat-embed-core-8.0.11.jar:8.0.11]
	at org.apache.catalina.core.ApplicationFilterChain.doFilter(ApplicationFilterChain.java:206) [tomcat-embed-core-8.0.11.jar:8.0.11]
	at org.apache.catalina.core.StandardWrapperValve.invoke(StandardWrapperValve.java:219) [tomcat-embed-core-8.0.11.jar:8.0.11]
	at org.apache.catalina.core.StandardContextValve.invoke(StandardContextValve.java:106) [tomcat-embed-core-8.0.11.jar:8.0.11]
	at org.apache.catalina.authenticator.AuthenticatorBase.invoke(AuthenticatorBase.java:504) [tomcat-embed-core-8.0.11.jar:8.0.11]
	at org.apache.catalina.core.StandardHostValve.invoke(StandardHostValve.java:142) [tomcat-embed-core-8.0.11.jar:8.0.11]
	at org.apache.catalina.valves.ErrorReportValve.invoke(ErrorReportValve.java:79) [tomcat-embed-core-8.0.11.jar:8.0.11]
	at org.apache.catalina.core.StandardEngineValve.invoke(StandardEngineValve.java:88) [tomcat-embed-core-8.0.11.jar:8.0.11]
	at org.apache.catalina.connector.CoyoteAdapter.service(CoyoteAdapter.java:534) [tomcat-embed-core-8.0.11.jar:8.0.11]
	at org.apache.coyote.http11.AbstractHttp11Processor.process(AbstractHttp11Processor.java:1081) [tomcat-embed-core-8.0.11.jar:8.0.11]
	at org.apache.coyote.AbstractProtocol$AbstractConnectionHandler.process(AbstractProtocol.java:658) [tomcat-embed-core-8.0.11.jar:8.0.11]
	at org.apache.coyote.http11.Http11NioProtocol$Http11ConnectionHandler.process(Http11NioProtocol.java:222) [tomcat-embed-core-8.0.11.jar:8.0.11]
	at org.apache.tomcat.util.net.NioEndpoint$SocketProcessor.doRun(NioEndpoint.java:1566) [tomcat-embed-core-8.0.11.jar:8.0.11]
	at org.apache.tomcat.util.net.NioEndpoint$SocketProcessor.run(NioEndpoint.java:1523) [tomcat-embed-core-8.0.11.jar:8.0.11]
	at java.util.concurrent.ThreadPoolExecutor.runWorker(ThreadPoolExecutor.java:1142) [?:1.8.0_51]
	at java.util.concurrent.ThreadPoolExecutor$Worker.run(ThreadPoolExecutor.java:617) [?:1.8.0_51]
	at org.apache.tomcat.util.threads.TaskThread$WrappingRunnable.run(TaskThread.java:61) [tomcat-embed-core-8.0.11.jar:8.0.11]
	at java.lang.Thread.run(Thread.java:745) [?:1.8.0_51]
